<?xml version="1.0" encoding="utf-8"?><testsuites name="pytest tests"><testsuite name="pytest" errors="0" failures="0" skipped="0" tests="8" time="2.409" timestamp="2026-05-10T19:31:34.098739+00:00" hostname="agent-env-78c6c496-9148-41fc-a7f1-2fccac7fc9ad"><testcase classname="backend.tests.test_contact.TestHealth" name="test_root_api" time="0.299" /><testcase classname="backend.tests.test_contact.TestContactForm" name="test_happy_path_submission" time="0.877" /><testcase classname="backend.tests.test_contact.TestContactForm" name="test_missing_required_fields_returns_422" time="0.115" /><testcase classname="backend.tests.test_contact.TestContactForm" name="test_missing_email_returns_422" time="0.147" /><testcase classname="backend.tests.test_contact.TestContactForm" name="test_invalid_email_returns_422" time="0.148" /><testcase classname="backend.tests.test_contact.TestContactForm" name="test_empty_first_name_returns_422" time="0.104" /><testcase classname="backend.tests.test_contact.TestContactForm" name="test_backend_accepts_one_char_message" time="0.289" /><testcase classname="backend.tests.test_contact.TestContactForm" name="test_phone_optional" time="0.279" /></testsuite></testsuites>